<?xml version="1.0" encoding="UTF-8"?>
<!-- Generated by org.testng.reporters.JUnitReportReporter -->
<testsuite skipped="0" hostname="Nachiyar" name="com.ebay.test.CollectiblesTest" tests="1" failures="0" timestamp="22 Mar 2019 13:56:32 GMT" time="12.871" errors="0">
  <testcase name="test" time="12.871" classname="com.ebay.test.CollectiblesTest"/>
</testsuite> <!-- com.ebay.test.CollectiblesTest -->
