<?xml version="1.0" encoding="UTF-8"?>
<!-- Generated by org.testng.reporters.JUnitReportReporter -->
<testsuite skipped="0" hostname="Nachiyar" name="com.ebay.test.DealsTest" tests="1" failures="0" timestamp="22 Mar 2019 20:20:05 GMT" time="13.423" errors="0">
  <testcase name="test" time="13.423" classname="com.ebay.test.DealsTest"/>
</testsuite> <!-- com.ebay.test.DealsTest -->
