<?xml version="1.0" encoding="UTF-8"?>
<!-- Generated by org.testng.reporters.JUnitReportReporter -->
<testsuite skipped="0" hostname="Nachiyar" name="com.ebay.test.ElectronicsTest" tests="1" failures="0" timestamp="22 Mar 2019 20:20:05 GMT" time="12.179" errors="0">
  <testcase name="test" time="12.179" classname="com.ebay.test.ElectronicsTest"/>
</testsuite> <!-- com.ebay.test.ElectronicsTest -->
