<?xml version="1.0" encoding="UTF-8"?>
<!-- Generated by org.testng.reporters.JUnitReportReporter -->
<testsuite skipped="0" hostname="Nachiyar" name="com.ebay.test.FashionTest" tests="1" failures="0" timestamp="22 Mar 2019 13:56:32 GMT" time="12.789" errors="0">
  <testcase name="test" time="12.789" classname="com.ebay.test.FashionTest"/>
</testsuite> <!-- com.ebay.test.FashionTest -->
