<?xml version="1.0" encoding="UTF-8"?>
<!-- Generated by org.testng.reporters.JUnitReportReporter -->
<testsuite skipped="0" hostname="Nachiyar" name="com.ebay.test.SportsTest" tests="1" failures="0" timestamp="22 Mar 2019 13:56:32 GMT" time="12.165" errors="0">
  <testcase name="test" time="12.165" classname="com.ebay.test.SportsTest"/>
</testsuite> <!-- com.ebay.test.SportsTest -->
