<?xml version="1.0" encoding="UTF-8"?>
<!-- Generated by org.testng.reporters.JUnitReportReporter -->
<testsuite skipped="0" hostname="Nachiyar" name="com.ebay.test.LandingTest" tests="1" failures="0" timestamp="22 Mar 2019 20:20:05 GMT" time="14.627" errors="0">
  <testcase name="test" time="14.627" classname="com.ebay.test.LandingTest"/>
</testsuite> <!-- com.ebay.test.LandingTest -->
